<?xml version="1.0" encoding="UTF-8"?>
<!-- Generated by org.testng.reporters.JUnitReportReporter -->
<testsuite skipped="0" hostname="Ali" name="exercise.apachepoi.DataRadingFromInput" tests="6" failures="0" timestamp="2021-03-13T17:19:30 EST" time="51.963" errors="0">
  <testcase name="launchBrowser" time="8.862" classname="exercise.apachepoi.DataRadingFromInput"/>
  <system-out/>
  <testcase name="search" time="10.031" classname="exercise.apachepoi.DataRadingFromInput"/>
  <system-out/>
  <testcase name="search" time="10.194" classname="exercise.apachepoi.DataRadingFromInput"/>
  <system-out/>
  <testcase name="search" time="10.071" classname="exercise.apachepoi.DataRadingFromInput"/>
  <system-out/>
  <testcase name="search" time="10.201" classname="exercise.apachepoi.DataRadingFromInput"/>
  <system-out/>
  <testcase name="quitBrowser" time="2.604" classname="exercise.apachepoi.DataRadingFromInput"/>
  <system-out/>
</testsuite> <!-- exercise.apachepoi.DataRadingFromInput -->
