<?xml version="1.0" encoding="UTF-8"?>
<!-- Generated by org.testng.reporters.JUnitReportReporter -->
<testsuite skipped="0" hostname="Ali" name="classwork.logging.LoggersDemo" tests="3" failures="0" timestamp="2021-03-25T12:11:49 EDT" time="25.221" errors="0">
  <testcase name="searchDress" time="8.040" classname="classwork.logging.LoggersDemo"/>
  <system-out/>
  <testcase name="createUser" time="11.302" classname="classwork.logging.LoggersDemo"/>
  <system-out/>
  <testcase name="close" time="5.879" classname="classwork.logging.LoggersDemo"/>
  <system-out/>
</testsuite> <!-- classwork.logging.LoggersDemo -->
