<?xml version="1.0" encoding="UTF-8"?>
<!-- Generated by org.testng.reporters.JUnitReportReporter -->
<testsuite skipped="1" hostname="Ali" name="classwork.db.AppSearch" tests="2" failures="0" timestamp="2021-03-14T08:14:53 EDT" time="6.100" errors="0">
  <testcase name="searchDress" time="0.000" classname="classwork.db.AppSearch">
    <skipped/>
  </testcase> <!-- searchDress -->
  <system-out/>
  <testcase name="close" time="6.100" classname="classwork.db.AppSearch"/>
  <system-out/>
</testsuite> <!-- classwork.db.AppSearch -->
