<?xml version="1.0" encoding="UTF-8"?>
<!-- Generated by org.testng.reporters.JUnitReportReporter -->
<testsuite skipped="0" hostname="Ali" name="exercise.DataProviderusingExcel$Data_ProviderDemo" tests="4" failures="0" timestamp="2021-03-13T10:16:11 EST" time="33.556" errors="0">
  <testcase name="search" time="8.651" classname="exercise.DataProviderusingExcel$Data_ProviderDemo"/>
  <system-out/>
  <testcase name="search" time="7.829" classname="exercise.DataProviderusingExcel$Data_ProviderDemo"/>
  <system-out/>
  <testcase name="search" time="7.803" classname="exercise.DataProviderusingExcel$Data_ProviderDemo"/>
  <system-out/>
  <testcase name="search" time="9.273" classname="exercise.DataProviderusingExcel$Data_ProviderDemo"/>
  <system-out/>
</testsuite> <!-- exercise.DataProviderusingExcel$Data_ProviderDemo -->
