<?xml version="1.0" encoding="UTF-8"?>
<!-- Generated by org.testng.reporters.JUnitReportReporter -->
<testsuite skipped="0" hostname="Ali" name="classwork.Loger_Demo" tests="3" failures="0" timestamp="2021-03-25T11:55:58 EDT" time="29.616" errors="0">
  <testcase name="searchDress" time="8.895" classname="classwork.Loger_Demo"/>
  <system-out/>
  <testcase name="createUser" time="14.969" classname="classwork.Loger_Demo"/>
  <system-out/>
  <testcase name="close" time="5.752" classname="classwork.Loger_Demo"/>
  <system-out/>
</testsuite> <!-- classwork.Loger_Demo -->
